Using pre-set license
Built from '2021.3/staging' branch; Version is '2021.3.20f1 (577897200b8b) revision 5732503'; Using compiler version '192829333'; Build Type 'Release'
OS: 'Windows 10  (10.0.19045) 64bit Professional' Language: 'ko' Physical Memory: 32558 MB
BatchMode: 1, IsHumanControllingUs: 0, StartBugReporterOnCrash: 0, Is64bit: 1, IsPro: 1

COMMAND LINE ARGUMENTS:
C:\Program Files\Unity\Hub\Editor\2021.3.20f1-x86_64\Editor\Unity.exe
-adb2
-batchMode
-noUpm
-name
AssetImportWorker0
-projectPath
C:/Users/102-33/My project (2)/Assets/Scenes/성학현
-logFile
Logs/AssetImportWorker0.log
-srvPort
55475
Successfully changed project path to: C:/Users/102-33/My project (2)/Assets/Scenes/성학현
C:/Users/102-33/My project (2)/Assets/Scenes/성학현
[UnityMemory] Configuration Parameters - Can be set up in boot.config
    "memorysetup-bucket-allocator-granularity=16"
    "memorysetup-bucket-allocator-bucket-count=8"
    "memorysetup-bucket-allocator-block-size=33554432"
    "memorysetup-bucket-allocator-block-count=8"
    "memorysetup-main-allocator-block-size=16777216"
    "memorysetup-thread-allocator-block-size=16777216"
    "memorysetup-gfx-main-allocator-block-size=16777216"
    "memorysetup-gfx-thread-allocator-block-size=16777216"
    "memorysetup-cache-allocator-block-size=4194304"
    "memorysetup-typetree-allocator-block-size=2097152"
    "memorysetup-profiler-bucket-allocator-granularity=16"
    "memorysetup-profiler-bucket-allocator-bucket-count=8"
    "memorysetup-profiler-bucket-allocator-block-size=33554432"
    "memorysetup-profiler-bucket-allocator-block-count=8"
    "memorysetup-profiler-allocator-block-size=16777216"
    "memorysetup-profiler-editor-allocator-block-size=1048576"
    "memorysetup-temp-allocator-size-main=16777216"
    "memorysetup-job-temp-allocator-block-size=2097152"
    "memorysetup-job-temp-allocator-block-size-background=1048576"
    "memorysetup-job-temp-allocator-reduction-small-platforms=262144"
    "memorysetup-temp-allocator-size-background-worker=32768"
    "memorysetup-temp-allocator-size-job-worker=262144"
    "memorysetup-temp-allocator-size-preload-manager=33554432"
    "memorysetup-temp-allocator-size-nav-mesh-worker=65536"
    "memorysetup-temp-allocator-size-audio-worker=65536"
    "memorysetup-temp-allocator-size-cloud-worker=32768"
    "memorysetup-temp-allocator-size-gi-baking-worker=262144"
    "memorysetup-temp-allocator-size-gfx=262144"
Player connection [1888] Host "[IP] 192.168.15.60 [Port] 0 [Flags] 2 [Guid] 1094591381 [EditorId] 1094591381 [Version] 1048832 [Id] WindowsEditor(7,DESKTOP-SONH3FQ) [Debug] 1 [PackageName] WindowsEditor [ProjectName] Editor" joined multi-casting on [225.0.0.222:54997]...

Player connection [1888] Host "[IP] 192.168.15.60 [Port] 0 [Flags] 2 [Guid] 1094591381 [EditorId] 1094591381 [Version] 1048832 [Id] WindowsEditor(7,DESKTOP-SONH3FQ) [Debug] 1 [PackageName] WindowsEditor [ProjectName] Editor" joined alternative multi-casting on [225.0.0.222:34997]...

Refreshing native plugins compatible for Editor in 71.49 ms, found 3 plugins.
Preloading 0 native plugins for Editor in 0.00 ms.
Initialize engine version: 2021.3.20f1 (577897200b8b)
[Subsystems] Discovering subsystems at path C:/Program Files/Unity/Hub/Editor/2021.3.20f1-x86_64/Editor/Data/Resources/UnitySubsystems
[Subsystems] Discovering subsystems at path C:/Users/102-33/My project (2)/Assets/Scenes/성학현/Assets
GfxDevice: creating device client; threaded=0; jobified=0
Direct3D:
    Version:  Direct3D 11.0 [level 11.1]
    Renderer: NVIDIA GeForce RTX 2080 (ID=0x1e82)
    Vendor:   NVIDIA
    VRAM:     8002 MB
    Driver:   31.0.15.2698
Initialize mono
Mono path[0] = 'C:/Program Files/Unity/Hub/Editor/2021.3.20f1-x86_64/Editor/Data/Managed'
Mono path[1] = 'C:/Program Files/Unity/Hub/Editor/2021.3.20f1-x86_64/Editor/Data/MonoBleedingEdge/lib/mono/unityjit-win32'
Mono config path = 'C:/Program Files/Unity/Hub/Editor/2021.3.20f1-x86_64/Editor/Data/MonoBleedingEdge/etc'
Using monoOptions --debugger-agent=transport=dt_socket,embedding=1,server=y,suspend=n,address=127.0.0.1:56436
Begin MonoManager ReloadAssembly
Registering precompiled unity dll's ...
Register platform support module: C:/Program Files/Unity/Hub/Editor/2021.3.20f1-x86_64/Editor/Data/PlaybackEngines/WindowsStandaloneSupport/UnityEditor.WindowsStandalone.Extensions.dll
Registered in 0.012866 seconds.
Native extension for WindowsStandalone target not found
Refreshing native plugins compatible for Editor in 71.87 ms, found 3 plugins.
Preloading 0 native plugins for Editor in 0.00 ms.
Mono: successfully reloaded assembly
- Completed reload, in  0.616 seconds
Domain Reload Profiling:
	ReloadAssembly (616ms)
		BeginReloadAssembly (101ms)
			ExecutionOrderSort (0ms)
			DisableScriptedObjects (0ms)
			BackupInstance (0ms)
			ReleaseScriptingObjects (0ms)
			CreateAndSetChildDomain (1ms)
		EndReloadAssembly (408ms)
			LoadAssemblies (97ms)
			RebuildTransferFunctionScriptingTraits (0ms)
			SetupTypeCache (102ms)
			ReleaseScriptCaches (0ms)
			RebuildScriptCaches (26ms)
			SetupLoadedEditorAssemblies (232ms)
				LogAssemblyErrors (0ms)
				InitializePlatformSupportModulesInManaged (9ms)
				SetLoadedEditorAssemblies (0ms)
				RefreshPlugins (72ms)
				BeforeProcessingInitializeOnLoad (1ms)
				ProcessInitializeOnLoadAttributes (107ms)
				ProcessInitializeOnLoadMethodAttributes (42ms)
				AfterProcessingInitializeOnLoad (0ms)
				EditorAssembliesLoaded (0ms)
			ExecutionOrderSort2 (0ms)
			AwakeInstancesAfterBackupRestoration (0ms)
Platform modules already initialized, skipping
Registering precompiled user dll's ...
Registered in 0.007547 seconds.
Begin MonoManager ReloadAssembly
Symbol file LoadedFromMemory doesn't match image C:\Users\102-33\My project (2)\Assets\Scenes\성학현\Library\PackageCache\com.unity.visualscripting@1.8.0\Editor\VisualScripting.Core\Dependencies\YamlDotNet\Unity.VisualScripting.YamlDotNet.dll
Symbol file LoadedFromMemory doesn't match image C:\Users\102-33\My project (2)\Assets\Scenes\성학현\Library\PackageCache\com.unity.visualscripting@1.8.0\Editor\VisualScripting.Core\Dependencies\DotNetZip\Unity.VisualScripting.IonicZip.dll
Native extension for WindowsStandalone target not found
Refreshing native plugins compatible for Editor in 0.51 ms, found 3 plugins.
Preloading 0 native plugins for Editor in 0.00 ms.
Mono: successfully reloaded assembly
- Completed reload, in  1.118 seconds
Domain Reload Profiling:
	ReloadAssembly (1119ms)
		BeginReloadAssembly (125ms)
			ExecutionOrderSort (0ms)
			DisableScriptedObjects (5ms)
			BackupInstance (0ms)
			ReleaseScriptingObjects (0ms)
			CreateAndSetChildDomain (16ms)
		EndReloadAssembly (885ms)
			LoadAssemblies (107ms)
			RebuildTransferFunctionScriptingTraits (0ms)
			SetupTypeCache (314ms)
			ReleaseScriptCaches (1ms)
			RebuildScriptCaches (82ms)
			SetupLoadedEditorAssemblies (333ms)
				LogAssemblyErrors (0ms)
				InitializePlatformSupportModulesInManaged (11ms)
				SetLoadedEditorAssemblies (1ms)
				RefreshPlugins (1ms)
				BeforeProcessingInitializeOnLoad (94ms)
				ProcessInitializeOnLoadAttributes (198ms)
				ProcessInitializeOnLoadMethodAttributes (16ms)
				AfterProcessingInitializeOnLoad (13ms)
				EditorAssembliesLoaded (0ms)
			ExecutionOrderSort2 (0ms)
			AwakeInstancesAfterBackupRestoration (7ms)
Platform modules already initialized, skipping
========================================================================
Worker process is ready to serve import requests
Launched and connected shader compiler UnityShaderCompiler.exe after 0.04 seconds
Refreshing native plugins compatible for Editor in 0.48 ms, found 3 plugins.
Preloading 0 native plugins for Editor in 0.00 ms.
Unloading 3048 Unused Serialized files (Serialized files now loaded: 0)
Unloading 25 unused Assets / (113.4 KB). Loaded Objects now: 3507.
Memory consumption went from 107.5 MB to 107.4 MB.
Total: 2.642900 ms (FindLiveObjects: 0.234700 ms CreateObjectMapping: 0.176900 ms MarkObjects: 2.126200 ms  DeleteObjects: 0.103800 ms)

AssetImportParameters requested are different than current active one (requested -> active):
  custom:video-decoder-ogg-theora: a1e56fd34408186e4bbccfd4996cb3dc -> 
  custom:container-muxer-webm: aa71ff27fc2769a1b78a27578f13a17b -> 
  custom:container-demuxer-webm: 4f35f7cbe854078d1ac9338744f61a02 -> 
  custom:video-encoder-webm-vp8: eb34c28f22e8b96e1ab97ce403110664 -> 
  custom:audio-encoder-webm-vorbis: bf7c407c2cedff20999df2af8eb42d56 -> 
  custom:framework-win-MediaFoundation: 216162199b28c13a410421893ffa2e32 -> 
  custom:container-demuxer-ogg: 62fdf1f143b41e24485cea50d1cbac27 -> 
  custom:video-decoder-webm-vp8: 9c59270c3fd7afecdb556c50c9e8de78 -> 
  custom:audio-decoder-ogg-vorbis: bf7c407c2cedff20999df2af8eb42d56 -> 
========================================================================
Received Prepare
Registering precompiled user dll's ...
Registered in 0.008039 seconds.
Begin MonoManager ReloadAssembly
Symbol file LoadedFromMemory doesn't match image C:\Users\102-33\My project (2)\Assets\Scenes\성학현\Library\PackageCache\com.unity.visualscripting@1.8.0\Editor\VisualScripting.Core\Dependencies\YamlDotNet\Unity.VisualScripting.YamlDotNet.dll
Symbol file LoadedFromMemory doesn't match image C:\Users\102-33\My project (2)\Assets\Scenes\성학현\Library\PackageCache\com.unity.visualscripting@1.8.0\Editor\VisualScripting.Core\Dependencies\DotNetZip\Unity.VisualScripting.IonicZip.dll
Native extension for WindowsStandalone target not found
Refreshing native plugins compatible for Editor in 0.47 ms, found 3 plugins.
Preloading 0 native plugins for Editor in 0.00 ms.
Mono: successfully reloaded assembly
- Completed reload, in  0.916 seconds
Domain Reload Profiling:
	ReloadAssembly (916ms)
		BeginReloadAssembly (152ms)
			ExecutionOrderSort (0ms)
			DisableScriptedObjects (5ms)
			BackupInstance (0ms)
			ReleaseScriptingObjects (0ms)
			CreateAndSetChildDomain (27ms)
		EndReloadAssembly (670ms)
			LoadAssemblies (107ms)
			RebuildTransferFunctionScriptingTraits (0ms)
			SetupTypeCache (228ms)
			ReleaseScriptCaches (1ms)
			RebuildScriptCaches (34ms)
			SetupLoadedEditorAssemblies (292ms)
				LogAssemblyErrors (0ms)
				InitializePlatformSupportModulesInManaged (8ms)
				SetLoadedEditorAssemblies (0ms)
				RefreshPlugins (1ms)
				BeforeProcessingInitializeOnLoad (74ms)
				ProcessInitializeOnLoadAttributes (179ms)
				ProcessInitializeOnLoadMethodAttributes (16ms)
				AfterProcessingInitializeOnLoad (14ms)
				EditorAssembliesLoaded (0ms)
			ExecutionOrderSort2 (0ms)
			AwakeInstancesAfterBackupRestoration (7ms)
Platform modules already initialized, skipping
Refreshing native plugins compatible for Editor in 2.33 ms, found 3 plugins.
Preloading 0 native plugins for Editor in 0.00 ms.
Unloading 3042 Unused Serialized files (Serialized files now loaded: 0)
Unloading 17 unused Assets / (79.7 KB). Loaded Objects now: 3510.
Memory consumption went from 107.4 MB to 107.3 MB.
Total: 2.465200 ms (FindLiveObjects: 0.201200 ms CreateObjectMapping: 0.105800 ms MarkObjects: 2.092300 ms  DeleteObjects: 0.065200 ms)

AssetImportParameters requested are different than current active one (requested -> active):
  custom:video-decoder-ogg-theora: a1e56fd34408186e4bbccfd4996cb3dc -> 
  custom:container-muxer-webm: aa71ff27fc2769a1b78a27578f13a17b -> 
  custom:container-demuxer-webm: 4f35f7cbe854078d1ac9338744f61a02 -> 
  custom:video-encoder-webm-vp8: eb34c28f22e8b96e1ab97ce403110664 -> 
  custom:audio-encoder-webm-vorbis: bf7c407c2cedff20999df2af8eb42d56 -> 
  custom:framework-win-MediaFoundation: 216162199b28c13a410421893ffa2e32 -> 
  custom:container-demuxer-ogg: 62fdf1f143b41e24485cea50d1cbac27 -> 
  custom:video-decoder-webm-vp8: 9c59270c3fd7afecdb556c50c9e8de78 -> 
  custom:audio-decoder-ogg-vorbis: bf7c407c2cedff20999df2af8eb42d56 -> 
========================================================================
Received Import Request.
  Time since last request: 13299.911626 seconds.
  path: Assets/02.scripts
  artifactKey: Guid(9f168afc52006b843930c19ade857da9) Importer(815301076,1909f56bfc062723c751e8b465ee728b)
Start importing Assets/02.scripts using Guid(9f168afc52006b843930c19ade857da9) Importer(815301076,1909f56bfc062723c751e8b465ee728b)  -> (artifact id: '585b951fb93c7159689391391be9122f') in 0.005728 seconds 
========================================================================
Received Import Request.
  Time since last request: 5.882939 seconds.
  path: Assets/02 1.scripts
  artifactKey: Guid(7fe98e938c7e0f641a42134446b08118) Importer(815301076,1909f56bfc062723c751e8b465ee728b)
Start importing Assets/02 1.scripts using Guid(7fe98e938c7e0f641a42134446b08118) Importer(815301076,1909f56bfc062723c751e8b465ee728b)  -> (artifact id: 'b8a11be8129201d53a34225d5a1b6151') in 0.003297 seconds 
========================================================================
Received Import Request.
  Time since last request: 0.554386 seconds.
  path: Assets/02 2.scripts
  artifactKey: Guid(c5735180a6f142848b090f742940bd86) Importer(815301076,1909f56bfc062723c751e8b465ee728b)
Start importing Assets/02 2.scripts using Guid(c5735180a6f142848b090f742940bd86) Importer(815301076,1909f56bfc062723c751e8b465ee728b)  -> (artifact id: '9be0c97b8fff32c7b971d72edeac3273') in 0.002889 seconds 
========================================================================
Received Import Request.
  Time since last request: 0.608680 seconds.
  path: Assets/02 3.scripts
  artifactKey: Guid(a0775df665b447f4b81faa8301b6b682) Importer(815301076,1909f56bfc062723c751e8b465ee728b)
Start importing Assets/02 3.scripts using Guid(a0775df665b447f4b81faa8301b6b682) Importer(815301076,1909f56bfc062723c751e8b465ee728b)  -> (artifact id: '36a3101494033bb2c5ecc31c844c698a') in 0.003056 seconds 
========================================================================
Received Import Request.
  Time since last request: 2.992773 seconds.
  path: Assets/02 4.scripts
  artifactKey: Guid(22ff23a716ee8584d81f582951acb1db) Importer(815301076,1909f56bfc062723c751e8b465ee728b)
Start importing Assets/02 4.scripts using Guid(22ff23a716ee8584d81f582951acb1db) Importer(815301076,1909f56bfc062723c751e8b465ee728b)  -> (artifact id: 'e69964455882cd1557410dc5a44ef86b') in 0.002839 seconds 
========================================================================
Received Import Request.
  Time since last request: 4.865377 seconds.
  path: Assets/02 5.scripts
  artifactKey: Guid(1ca936c8ae3e1ba468bffa023d4fb8ea) Importer(815301076,1909f56bfc062723c751e8b465ee728b)
Start importing Assets/02 5.scripts using Guid(1ca936c8ae3e1ba468bffa023d4fb8ea) Importer(815301076,1909f56bfc062723c751e8b465ee728b)  -> (artifact id: 'a17f733abcd65de20153b72027e89afe') in 0.002718 seconds 
========================================================================
Received Import Request.
  Time since last request: 25.598558 seconds.
  path: Assets/03.Prefabs
  artifactKey: Guid(7fe98e938c7e0f641a42134446b08118) Importer(815301076,1909f56bfc062723c751e8b465ee728b)
Start importing Assets/03.Prefabs using Guid(7fe98e938c7e0f641a42134446b08118) Importer(815301076,1909f56bfc062723c751e8b465ee728b)  -> (artifact id: 'b30eb926d2a813e7232bbbc7cbfe48d9') in 0.002647 seconds 
========================================================================
Received Import Request.
  Time since last request: 17.080850 seconds.
  path: Assets/04.images
  artifactKey: Guid(1ca936c8ae3e1ba468bffa023d4fb8ea) Importer(815301076,1909f56bfc062723c751e8b465ee728b)
Start importing Assets/04.images using Guid(1ca936c8ae3e1ba468bffa023d4fb8ea) Importer(815301076,1909f56bfc062723c751e8b465ee728b)  -> (artifact id: 'e3f13465d5727d8de4a48e2f0c921dcf') in 0.002575 seconds 
========================================================================
Received Import Request.
  Time since last request: 16.424038 seconds.
  path: Assets/05.models
  artifactKey: Guid(22ff23a716ee8584d81f582951acb1db) Importer(815301076,1909f56bfc062723c751e8b465ee728b)
Start importing Assets/05.models using Guid(22ff23a716ee8584d81f582951acb1db) Importer(815301076,1909f56bfc062723c751e8b465ee728b)  -> (artifact id: '3a8389888f5ae5807002332401fba899') in 0.002655 seconds 
========================================================================
Received Import Request.
  Time since last request: 12.007996 seconds.
  path: Assets/06.Sounds
  artifactKey: Guid(a0775df665b447f4b81faa8301b6b682) Importer(815301076,1909f56bfc062723c751e8b465ee728b)
Start importing Assets/06.Sounds using Guid(a0775df665b447f4b81faa8301b6b682) Importer(815301076,1909f56bfc062723c751e8b465ee728b)  -> (artifact id: '726ecb6658c26599e4065d4214b80111') in 0.002505 seconds 
========================================================================
Received Import Request.
  Time since last request: 14.798898 seconds.
  path: Assets/07.Animations
  artifactKey: Guid(c5735180a6f142848b090f742940bd86) Importer(815301076,1909f56bfc062723c751e8b465ee728b)
Start importing Assets/07.Animations using Guid(c5735180a6f142848b090f742940bd86) Importer(815301076,1909f56bfc062723c751e8b465ee728b)  -> (artifact id: '0554bfde657acb83a013ee0659bfbc6d') in 0.002553 seconds 
========================================================================
Received Import Request.
  Time since last request: 399.943433 seconds.
  path: Assets/Barrel
  artifactKey: Guid(cd2c2da50af77e844abb933abb098f48) Importer(815301076,1909f56bfc062723c751e8b465ee728b)
Start importing Assets/Barrel using Guid(cd2c2da50af77e844abb933abb098f48) Importer(815301076,1909f56bfc062723c751e8b465ee728b)  -> (artifact id: '2588c3a2d6c93a8d3399cd766944090c') in 0.002693 seconds 
========================================================================
Received Import Request.
  Time since last request: 21.381788 seconds.
  path: Assets/05.models/YughuesFreeMetalMaterials
  artifactKey: Guid(8afd0d2ac4272d845a01b141da31efb4) Importer(815301076,1909f56bfc062723c751e8b465ee728b)
Start importing Assets/05.models/YughuesFreeMetalMaterials using Guid(8afd0d2ac4272d845a01b141da31efb4) Importer(815301076,1909f56bfc062723c751e8b465ee728b)  -> (artifact id: 'a9a9f0e035a124205cb45933d0c63dfc') in 0.002652 seconds 
========================================================================
Received Import Request.
  Time since last request: 57.876475 seconds.
  path: Assets/Scenes
  artifactKey: Guid(6ea315d0fd7389c41b19996891e99ae3) Importer(815301076,1909f56bfc062723c751e8b465ee728b)
Start importing Assets/Scenes using Guid(6ea315d0fd7389c41b19996891e99ae3) Importer(815301076,1909f56bfc062723c751e8b465ee728b)  -> (artifact id: 'b8193726cff86800c54781cdc6d54904') in 0.003804 seconds 
========================================================================
Received Import Request.
  Time since last request: 6.515285 seconds.
  path: Assets/01.Scenes
  artifactKey: Guid(6ea315d0fd7389c41b19996891e99ae3) Importer(815301076,1909f56bfc062723c751e8b465ee728b)
Start importing Assets/01.Scenes using Guid(6ea315d0fd7389c41b19996891e99ae3) Importer(815301076,1909f56bfc062723c751e8b465ee728b)  -> (artifact id: 'f33dbff720296b54fb089cda27f23e4d') in 0.003425 seconds 
========================================================================
Received Import Request.
  Time since last request: 1.272578 seconds.
  path: Assets/01.Scenes/SampleScene.unity
  artifactKey: Guid(9fc0d4010bbf28b4594072e72b8655ab) Importer(815301076,1909f56bfc062723c751e8b465ee728b)
Start importing Assets/01.Scenes/SampleScene.unity using Guid(9fc0d4010bbf28b4594072e72b8655ab) Importer(815301076,1909f56bfc062723c751e8b465ee728b)  -> (artifact id: 'e55ccaa32d8e5c1de03c07a5412c8c3c') in 0.002526 seconds 
========================================================================
Received Import Request.
  Time since last request: 8.049387 seconds.
  path: Assets/01.Scenes/Play.unity
  artifactKey: Guid(9fc0d4010bbf28b4594072e72b8655ab) Importer(815301076,1909f56bfc062723c751e8b465ee728b)
Start importing Assets/01.Scenes/Play.unity using Guid(9fc0d4010bbf28b4594072e72b8655ab) Importer(815301076,1909f56bfc062723c751e8b465ee728b)  -> (artifact id: 'cb33163dc3c22be32bfd74c38410644c') in 0.002639 seconds 
========================================================================
Received Import Request.
  Time since last request: 75.536365 seconds.
  path: Assets
  artifactKey: Guid(00000000000000001000000000000000) Importer(815301076,1909f56bfc062723c751e8b465ee728b)
Start importing Assets using Guid(00000000000000001000000000000000) Importer(815301076,1909f56bfc062723c751e8b465ee728b)  -> (artifact id: '79842766b460edbeab6a34051e857a80') in 0.002805 seconds 
========================================================================
Received Import Request.
  Time since last request: 197.075737 seconds.
  path: Assets/04.images/YughuesFreeMetalMaterials/Materials
  artifactKey: Guid(de0b1e1055a5fcd4d9f7d435bf9d531a) Importer(815301076,1909f56bfc062723c751e8b465ee728b)
Start importing Assets/04.images/YughuesFreeMetalMaterials/Materials using Guid(de0b1e1055a5fcd4d9f7d435bf9d531a) Importer(815301076,1909f56bfc062723c751e8b465ee728b)  -> (artifact id: '5e4e399aa8e64e3b132105a7699ee588') in 0.003114 seconds 
========================================================================
Received Import Request.
  Time since last request: 19.492550 seconds.
  path: Assets/04.images/YughuesFreeMetalMaterials/Materials/Textures/T_10_Diffuse.tga
  artifactKey: Guid(9235f02dfc48e41448cbd353c0a00a8d) Importer(815301076,1909f56bfc062723c751e8b465ee728b)
Start importing Assets/04.images/YughuesFreeMetalMaterials/Materials/Textures/T_10_Diffuse.tga using Guid(9235f02dfc48e41448cbd353c0a00a8d) Importer(815301076,1909f56bfc062723c751e8b465ee728b)  -> (artifact id: '72402617df7b1e4d29d4b2c8ec78af7a') in 0.063294 seconds 
========================================================================
Received Import Request.
  Time since last request: 51.923818 seconds.
  path: Assets/04.images/YughuesFreeMetalMaterials/Materials/Materials
  artifactKey: Guid(7e5a27276f257684e8f7060ed7466ce3) Importer(815301076,1909f56bfc062723c751e8b465ee728b)
Start importing Assets/04.images/YughuesFreeMetalMaterials/Materials/Materials using Guid(7e5a27276f257684e8f7060ed7466ce3) Importer(815301076,1909f56bfc062723c751e8b465ee728b)  -> (artifact id: 'ab4d4c93d89f8cc7ae7445ba658f0af3') in 0.002527 seconds 
========================================================================
Received Import Request.
  Time since last request: 68.377419 seconds.
  path: Assets/04.images/New Folder
  artifactKey: Guid(2cbadcb1c1b28254a8157a55207a5e50) Importer(815301076,1909f56bfc062723c751e8b465ee728b)
Start importing Assets/04.images/New Folder using Guid(2cbadcb1c1b28254a8157a55207a5e50) Importer(815301076,1909f56bfc062723c751e8b465ee728b)  -> (artifact id: 'd40858b7a1d87d7713ad053aa621da09') in 0.002696 seconds 
========================================================================
Received Import Request.
  Time since last request: 11.865505 seconds.
  path: Assets/04.images/Materia
  artifactKey: Guid(2cbadcb1c1b28254a8157a55207a5e50) Importer(815301076,1909f56bfc062723c751e8b465ee728b)
Start importing Assets/04.images/Materia using Guid(2cbadcb1c1b28254a8157a55207a5e50) Importer(815301076,1909f56bfc062723c751e8b465ee728b)  -> (artifact id: 'cddd60edcc7073e771027faf47537d57') in 0.002766 seconds 
========================================================================
Received Import Request.
  Time since last request: 6.708106 seconds.
  path: Assets/04.images/Materials
  artifactKey: Guid(2cbadcb1c1b28254a8157a55207a5e50) Importer(815301076,1909f56bfc062723c751e8b465ee728b)
Start importing Assets/04.images/Materials using Guid(2cbadcb1c1b28254a8157a55207a5e50) Importer(815301076,1909f56bfc062723c751e8b465ee728b)  -> (artifact id: 'bd8459c07b7299849831de78e140caf1') in 0.002472 seconds 
========================================================================
Received Import Request.
  Time since last request: 276.345997 seconds.
  path: Assets/04.images/YughuesFreeMetalMaterials/Materials/Textures/T_09_Specular.tga
  artifactKey: Guid(23cbb8ee7779285419c0b154e731c40e) Importer(815301076,1909f56bfc062723c751e8b465ee728b)
Start importing Assets/04.images/YughuesFreeMetalMaterials/Materials/Textures/T_09_Specular.tga using Guid(23cbb8ee7779285419c0b154e731c40e) Importer(815301076,1909f56bfc062723c751e8b465ee728b)  -> (artifact id: '991a14707957687d7b332b2b28b3eb2e') in 0.012693 seconds 
========================================================================
Received Import Request.
  Time since last request: 251.831723 seconds.
  path: Assets/04.images/YughuesFreeMetalMaterials/Materials/Textures/T_09_Normal.tga
  artifactKey: Guid(c56ea16fda03e4a429ea043548e66a62) Importer(815301076,1909f56bfc062723c751e8b465ee728b)
Start importing Assets/04.images/YughuesFreeMetalMaterials/Materials/Textures/T_09_Normal.tga using Guid(c56ea16fda03e4a429ea043548e66a62) Importer(815301076,1909f56bfc062723c751e8b465ee728b)  -> (artifact id: 'db08be05b5d542c91a857f87d84cf4e1') in 0.044748 seconds 
========================================================================
Received Import Request.
  Time since last request: 0.000048 seconds.
  path: Assets/04.images/YughuesFreeMetalMaterials/Materials/Textures/T_11_Diffuse.tga
  artifactKey: Guid(02b2e6db5c6cbc74796f44888a7f1197) Importer(815301076,1909f56bfc062723c751e8b465ee728b)
Start importing Assets/04.images/YughuesFreeMetalMaterials/Materials/Textures/T_11_Diffuse.tga using Guid(02b2e6db5c6cbc74796f44888a7f1197) Importer(815301076,1909f56bfc062723c751e8b465ee728b)  -> (artifact id: 'db2b9735e115c95e4ac0f2dc2e4db5cd') in 0.013504 seconds 
========================================================================
Received Import Request.
  Time since last request: 0.000027 seconds.
  path: Assets/04.images/YughuesFreeMetalMaterials/Materials/Textures/T_11_Specular.tga
  artifactKey: Guid(26a5a819f3afd984ea4658c19842fc91) Importer(815301076,1909f56bfc062723c751e8b465ee728b)
Start importing Assets/04.images/YughuesFreeMetalMaterials/Materials/Textures/T_11_Specular.tga using Guid(26a5a819f3afd984ea4658c19842fc91) Importer(815301076,1909f56bfc062723c751e8b465ee728b)  -> (artifact id: '1d4fcf7f92792cb39bbd09818249d4a8') in 0.014590 seconds 
========================================================================
Received Import Request.
  Time since last request: 0.000019 seconds.
  path: Assets/04.images/YughuesFreeMetalMaterials/Materials/Textures/T_10_Specular.tga
  artifactKey: Guid(03dd414d6373d4e458121278ae3a91e5) Importer(815301076,1909f56bfc062723c751e8b465ee728b)
Start importing Assets/04.images/YughuesFreeMetalMaterials/Materials/Textures/T_10_Specular.tga using Guid(03dd414d6373d4e458121278ae3a91e5) Importer(815301076,1909f56bfc062723c751e8b465ee728b)  -> (artifact id: '0e884ce477d6814878b451f97d418ca0') in 0.012428 seconds 
========================================================================
Received Import Request.
  Time since last request: 0.000017 seconds.
  path: Assets/04.images/YughuesFreeMetalMaterials/Materials/Textures/T_11_Normal.tga
  artifactKey: Guid(f75108035af3d8a4390bfe96a3342a2f) Importer(815301076,1909f56bfc062723c751e8b465ee728b)
Start importing Assets/04.images/YughuesFreeMetalMaterials/Materials/Textures/T_11_Normal.tga using Guid(f75108035af3d8a4390bfe96a3342a2f) Importer(815301076,1909f56bfc062723c751e8b465ee728b)  -> (artifact id: '789b55c747735ffb9deb739c90a84743') in 0.013710 seconds 
Editor requested this worker to shutdown with reason: Scaling down because of idle timeout
AssetImportWorker is now disconnected from the server
Process exiting
Exiting without the bug reporter. Application will terminate with return code 0